<?xml version="1.0" encoding="UTF-8"?>
<testng-results ignored="0" total="1" passed="1" failed="0" skipped="0">
  <reporter-output>
  </reporter-output>
  <suite started-at="2024-09-02T08:05:30 IST" name="Default suite" finished-at="2024-09-02T08:05:38 IST" duration-ms="7223">
    <groups>
    </groups>
    <test started-at="2024-09-02T08:05:30 IST" name="Default test" finished-at="2024-09-02T08:05:38 IST" duration-ms="7223">
      <class name="testCases.priceVerifyWithMultipleSearchItems">
        <test-method is-config="true" signature="launchBrowserAndUrl()[pri:0, instance:testCases.priceVerifyWithMultipleSearchItems@306e95ec]" started-at="2024-09-02T08:05:30 IST" name="launchBrowserAndUrl" finished-at="2024-09-02T08:05:34 IST" duration-ms="3564" status="PASS">
          <reporter-output>
          </reporter-output>
        </test-method> <!-- launchBrowserAndUrl -->
        <test-method signature="endToEndTestCase()[pri:0, instance:testCases.priceVerifyWithMultipleSearchItems@306e95ec]" started-at="2024-09-02T08:05:34 IST" name="endToEndTestCase" finished-at="2024-09-02T08:05:38 IST" duration-ms="3633" status="PASS">
          <reporter-output>
          </reporter-output>
        </test-method> <!-- endToEndTestCase -->
      </class> <!-- testCases.priceVerifyWithMultipleSearchItems -->
    </test> <!-- Default test -->
  </suite> <!-- Default suite -->
</testng-results>
